[12:24:12][DEBUG::] checking the message from que before send [:localhost NOTICE * :initilization has begun.......
] and the fd = 18
[12:24:12][DEBUG::] Full message sent for FD 18. Moving to next message.
[12:24:12][DEBUG::]  SERVER:: Message queued for FD 18 ()
[12:24:12][DEBUG::] checking the message from que before send [:localhost CAP  * ACK :multi-prefix
:localhost CAP * ACK :END
] and the fd = 18
[12:24:12][DEBUG::] Full message sent for FD 18. Moving to next message.
[12:24:12][DEBUG::]  SERVER:: Message queued for FD 18 (pleb1)
[12:24:12][DEBUG::] checking the message from que before send [:localhost NOTICE * :Password accepted. Continuing registration.
] and the fd = 18
[12:24:12][DEBUG::] Full message sent for FD 18. Moving to next message.
[12:24:12][DEBUG::] checking the message from que before send [:localhost 001 pleb1 :Welcome to the IRC server pleb1!
:localhost 002 pleb1 :Your host is localhost, running version 1.0
:localhost 003 pleb1 :This server was created today
:localhost 004 pleb1 localhost 1.0 o o
:localhost 375 pleb1 :- ~ Meowdy, traveler! ~
:localhost 372 pleb1 :- Here's your good-luck cat butt:
:localhost 372 pleb1 :-     /\_/\
:localhost 372 pleb1 :-    ( o.o )
:localhost 372 pleb1 :-     > ^ <    ðŸ‘
:localhost 372 pleb1 :-     Cat butt initialized.
:localhost 376 pleb1 :End of /MOTD
] and the fd = 18
[12:24:12][DEBUG::] Full message sent for FD 18. Moving to next message.
[12:24:23][DEBUG::]  SERVER:: Message queued for FD 18 (pleb1)
[12:24:23][DEBUG::] checking the message from que before send [PONG :localhost
] and the fd = 18
[12:24:23][DEBUG::] Full message sent for FD 18. Moving to next message.
[12:24:40][DEBUG::] handlePartCommand entered for pleb1
[12:24:40][DEBUG::]  SERVER:: Message queued for FD 18 (pleb1)
[12:24:40][DEBUG::] checking the message from que before send [:localhost 403 pleb1 #bbq :No such channel
] and the fd = 18
[12:24:40][DEBUG::] Full message sent for FD 18. Moving to next message.
[12:24:44][DEBUG::]  SERVER:: Message queued for FD 18 (pleb1)
[12:24:44][DEBUG::] checking the message from que before send [:pleb1!anon@localhost JOIN #bbq
:localhost 332 pleb1 #bbq :Welcome to #bbq!
:localhost 353 pleb1 = #bbq :pleb1!pleb1@localhost 
:localhost 366 pleb1 #bbq :End of /NAMES list
] and the fd = 18
[12:24:44][DEBUG::] Full message sent for FD 18. Moving to next message.
[12:25:15][DEBUG::]  SERVER:: Message queued for FD 18 (pleb1)
[12:25:15][DEBUG::] handleQuit:: Client pleb1 marked for disconnection, epollout will trigger removal
[12:25:15][DEBUG::] checking the message from que before send [:pleb1!anon@localhost QUIT :Client disconnected
] and the fd = 18
[12:25:15][DEBUG::] Full message sent for FD 18. Moving to next message.
[12:25:15][DEBUG::] promoteFallbackoperator operator count = 0 clientmode size = 1
[12:25:15][DEBUG::] promoteFallbackoperator-------- returned NONE :: client size
[12:25:15][NOTICE::] Notifying and removing client pleb1 from channel #bbq due to disconnect.

[12:25:15][NOTICE::] removeClientByNickname: pleb1 Removed from channel #bbq
[12:25:15][DEBUG::] Server::Removeclient, client pleb1 being removed from nickname to fd map
[12:25:15][DEBUG::] Server::remove_Client - Client has been completely removed. Total clients: 0
[12:32:28][DEBUG::] checking the message from que before send [:localhost NOTICE * :initilization has begun.......
] and the fd = 18
[12:32:28][DEBUG::] Full message sent for FD 18. Moving to next message.
[12:32:28][DEBUG::]  SERVER:: Message queued for FD 18 ()
[12:32:28][DEBUG::] checking the message from que before send [:localhost CAP  * ACK :multi-prefix
:localhost CAP * ACK :END
] and the fd = 18
[12:32:28][DEBUG::] Full message sent for FD 18. Moving to next message.
[12:32:28][DEBUG::]  SERVER:: Message queued for FD 18 (pleb1)
[12:32:28][DEBUG::] checking the message from que before send [:localhost NOTICE * :Password accepted. Continuing registration.
] and the fd = 18
[12:32:28][DEBUG::] Full message sent for FD 18. Moving to next message.
[12:32:28][DEBUG::] checking the message from que before send [:localhost 001 pleb1 :Welcome to the IRC server pleb1!
:localhost 002 pleb1 :Your host is localhost, running version 1.0
:localhost 003 pleb1 :This server was created today
:localhost 004 pleb1 localhost 1.0 o o
:localhost 375 pleb1 :- ~ Meowdy, traveler! ~
:localhost 372 pleb1 :- Here's your good-luck cat butt:
:localhost 372 pleb1 :-     /\_/\
:localhost 372 pleb1 :-    ( o.o )
:localhost 372 pleb1 :-     > ^ <    ðŸ‘
:localhost 372 pleb1 :-     Cat butt initialized.
:localhost 376 pleb1 :End of /MOTD
] and the fd = 18
[12:32:28][DEBUG::] Full message sent for FD 18. Moving to next message.
[12:32:44][DEBUG::] checking the message from que before send [:localhost NOTICE * :initilization has begun.......
] and the fd = 20
[12:32:44][DEBUG::] Full message sent for FD 20. Moving to next message.
[12:32:44][DEBUG::]  SERVER:: Message queued for FD 20 ()
[12:32:44][DEBUG::] checking the message from que before send [:localhost CAP  * ACK :multi-prefix
:localhost CAP * ACK :END
] and the fd = 20
[12:32:44][DEBUG::] Full message sent for FD 20. Moving to next message.
[12:32:44][DEBUG::]  SERVER:: Message queued for FD 20 (anon_the_lucky_83)
[12:32:44][DEBUG::]  SERVER:: Message queued for FD 20 (anon_the_lucky_83)
[12:32:44][DEBUG::] checking the message from que before send [:localhost NOTICE * :Password accepted. Continuing registration.
] and the fd = 20
[12:32:44][DEBUG::] Full message sent for FD 20. Moving to next message.
[12:32:44][DEBUG::] checking the message from que before send [:pleb1!@localhost NICK anon_the_lucky_83
] and the fd = 20
[12:32:44][DEBUG::] Full message sent for FD 20. Moving to next message.
[12:32:44][DEBUG::] checking the message from que before send [:localhost 001 anon_the_lucky_83 :Welcome to the IRC server anon_the_lucky_83!
:localhost 002 anon_the_lucky_83 :Your host is localhost, running version 1.0
:localhost 003 anon_the_lucky_83 :This server was created today
:localhost 004 anon_the_lucky_83 localhost 1.0 o o
:localhost 375 anon_the_lucky_83 :- ~ Meowdy, traveler! ~
:localhost 372 anon_the_lucky_83 :- Here's your good-luck cat butt:
:localhost 372 anon_the_lucky_83 :-     /\_/\
:localhost 372 anon_the_lucky_83 :-    ( o.o )
:localhost 372 anon_the_lucky_83 :-     > ^ <    ðŸ‘
:localhost 372 anon_the_lucky_83 :-     Cat butt initialized.
:localhost 376 anon_the_lucky_83 :End of /MOTD
] and the fd = 20
[12:32:44][DEBUG::] Full message sent for FD 20. Moving to next message.
[12:32:55][DEBUG::]  SERVER:: Message queued for FD 20 (anon_the_lucky_83)
[12:32:55][DEBUG::] checking the message from que before send [PONG :localhost
] and the fd = 20
[12:32:55][DEBUG::] Full message sent for FD 20. Moving to next message.
[12:32:58][DEBUG::]  SERVER:: Message queued for FD 18 (pleb1)
[12:32:58][DEBUG::] checking the message from que before send [:pleb1!anon@localhost JOIN #bbq
:localhost 332 pleb1 #bbq :Welcome to #bbq!
:localhost 353 pleb1 = #bbq :pleb1!pleb1@localhost 
:localhost 366 pleb1 #bbq :End of /NAMES list
] and the fd = 18
[12:32:58][DEBUG::] Full message sent for FD 18. Moving to next message.
[12:33:00][DEBUG::]  SERVER:: Message queued for FD 18 (pleb1)
[12:33:00][DEBUG::] checking the message from que before send [:localhost 324 pleb1 #bbq +t
] and the fd = 18
[12:33:00][DEBUG::] Full message sent for FD 18. Moving to next message.
[12:33:06][DEBUG::]  SERVER:: Message queued for FD 20 (oOo)
[12:33:06][DEBUG::] checking the message from que before send [:anon_the_lucky_83!anon@localhost NICK oOo
] and the fd = 20
[12:33:06][DEBUG::] Full message sent for FD 20. Moving to next message.
[12:33:41][DEBUG::]  SERVER:: Message queued for FD 18 (pleb1)
[12:33:41][DEBUG::] checking the message from que before send [:pleb1!anon@localhost MODE #bbq +i  
] and the fd = 18
[12:33:41][DEBUG::] Full message sent for FD 18. Moving to next message.
[12:33:46][DEBUG::]  SERVER:: Message queued for FD 20 (oOo)
[12:33:46][DEBUG::] checking the message from que before send [:localhost 473 oOo #bbq :Cannot join channel (+i)
] and the fd = 20
[12:33:46][DEBUG::] Full message sent for FD 20. Moving to next message.
[12:33:53][NOTICE::] handleInviteCommand :entered for pleb1
[12:33:53][DEBUG::] getClientByNickname: Looking up FD for nickname: ooo (case-sensitive) in _nickname_to_fd map
[12:33:53][DEBUG::] validateIsClientInChannel checking nickname = pleb1
[12:33:53][DEBUG::]  SERVER:: Message queued for FD 18 (pleb1)
[12:33:53][DEBUG::]  SERVER:: Message queued for FD 20 (oOo)
[12:33:53][DEBUG::] checking the message from que before send [:localhost 341 pleb1 ooo :#bbq
] and the fd = 18
[12:33:53][DEBUG::] Full message sent for FD 18. Moving to next message.
[12:33:53][DEBUG::] checking the message from que before send [:pleb1!anon@localhost INVITE ooo :#bbq
] and the fd = 20
[12:33:53][DEBUG::] Full message sent for FD 20. Moving to next message.
[12:33:56][DEBUG::]  SERVER:: Message queued for FD 20 (oOo)
[12:33:56][DEBUG::] checking the message from que before send [PONG :localhost
] and the fd = 20
[12:33:56][DEBUG::] Full message sent for FD 20. Moving to next message.
[12:33:57][DEBUG::]  SERVER:: Message queued for FD 20 (oOo)
[12:33:57][DEBUG::] checking the message from que before send [:localhost 473 oOo #bbq :Cannot join channel (+i)
] and the fd = 20
[12:33:57][DEBUG::] Full message sent for FD 20. Moving to next message.
[12:34:08][DEBUG::]  SERVER:: Message queued for FD 18 (pleb1)
[12:34:08][DEBUG::] handleQuit:: Client pleb1 marked for disconnection, epollout will trigger removal
[12:34:08][DEBUG::] checking the message from que before send [:pleb1!anon@localhost QUIT :Client disconnected
] and the fd = 18
[12:34:08][DEBUG::] Full message sent for FD 18. Moving to next message.
[12:34:08][DEBUG::] promoteFallbackoperator operator count = 0 clientmode size = 1
[12:34:08][DEBUG::] promoteFallbackoperator-------- returned NONE :: client size
[12:34:08][NOTICE::] Notifying and removing client pleb1 from channel #bbq due to disconnect.

[12:34:08][NOTICE::] removeClientByNickname: pleb1 Removed from channel #bbq
[12:34:08][DEBUG::] Server::Removeclient, client pleb1 being removed from nickname to fd map
[12:34:08][DEBUG::] Server::remove_Client - Client has been completely removed. Total clients: 1
[12:34:10][DEBUG::]  SERVER:: Message queued for FD 20 (oOo)
[12:34:10][DEBUG::] handleQuit:: Client oOo marked for disconnection, epollout will trigger removal
[12:34:10][DEBUG::] checking the message from que before send [:oOo!anon@localhost QUIT :Client disconnected
] and the fd = 20
[12:34:10][DEBUG::] Full message sent for FD 20. Moving to next message.
[12:34:10][DEBUG::] Server::Removeclient, client ooo being removed from nickname to fd map
[12:34:10][DEBUG::] Server::remove_Client - Client has been completely removed. Total clients: 0
[12:36:04][DEBUG::] checking the message from que before send [:localhost NOTICE * :initilization has begun.......
] and the fd = 18
[12:36:04][DEBUG::] Full message sent for FD 18. Moving to next message.
[12:36:04][DEBUG::]  SERVER:: Message queued for FD 18 ()
[12:36:04][DEBUG::] checking the message from que before send [:localhost CAP  * ACK :multi-prefix
:localhost CAP * ACK :END
] and the fd = 18
[12:36:04][DEBUG::] Full message sent for FD 18. Moving to next message.
[12:36:04][DEBUG::]  SERVER:: Message queued for FD 18 (pleb1)
[12:36:04][DEBUG::] checking the message from que before send [:localhost NOTICE * :Password accepted. Continuing registration.
] and the fd = 18
[12:36:04][DEBUG::] Full message sent for FD 18. Moving to next message.
[12:36:04][DEBUG::] checking the message from que before send [:localhost 001 pleb1 :Welcome to the IRC server pleb1!
:localhost 002 pleb1 :Your host is localhost, running version 1.0
:localhost 003 pleb1 :This server was created today
:localhost 004 pleb1 localhost 1.0 o o
:localhost 375 pleb1 :- ~ Meowdy, traveler! ~
:localhost 372 pleb1 :- Here's your good-luck cat butt:
:localhost 372 pleb1 :-     /\_/\
:localhost 372 pleb1 :-    ( o.o )
:localhost 372 pleb1 :-     > ^ <    ðŸ‘
:localhost 372 pleb1 :-     Cat butt initialized.
:localhost 376 pleb1 :End of /MOTD
] and the fd = 18
[12:36:04][DEBUG::] Full message sent for FD 18. Moving to next message.
[12:36:12][DEBUG::] checking the message from que before send [:localhost NOTICE * :initilization has begun.......
] and the fd = 20
[12:36:12][DEBUG::] Full message sent for FD 20. Moving to next message.
[12:36:12][DEBUG::]  SERVER:: Message queued for FD 20 ()
[12:36:12][DEBUG::] checking the message from que before send [:localhost CAP  * ACK :multi-prefix
:localhost CAP * ACK :END
] and the fd = 20
[12:36:12][DEBUG::] Full message sent for FD 20. Moving to next message.
[12:36:12][DEBUG::]  SERVER:: Message queued for FD 20 (anon_the_lucky_83)
[12:36:12][DEBUG::]  SERVER:: Message queued for FD 20 (anon_the_lucky_83)
[12:36:12][DEBUG::] checking the message from que before send [:localhost NOTICE * :Password accepted. Continuing registration.
] and the fd = 20
[12:36:12][DEBUG::] Full message sent for FD 20. Moving to next message.
[12:36:12][DEBUG::] checking the message from que before send [:pleb1!@localhost NICK anon_the_lucky_83
] and the fd = 20
[12:36:12][DEBUG::] Full message sent for FD 20. Moving to next message.
[12:36:12][DEBUG::] checking the message from que before send [:localhost 001 anon_the_lucky_83 :Welcome to the IRC server anon_the_lucky_83!
:localhost 002 anon_the_lucky_83 :Your host is localhost, running version 1.0
:localhost 003 anon_the_lucky_83 :This server was created today
:localhost 004 anon_the_lucky_83 localhost 1.0 o o
:localhost 375 anon_the_lucky_83 :- ~ Meowdy, traveler! ~
:localhost 372 anon_the_lucky_83 :- Here's your good-luck cat butt:
:localhost 372 anon_the_lucky_83 :-     /\_/\
:localhost 372 anon_the_lucky_83 :-    ( o.o )
:localhost 372 anon_the_lucky_83 :-     > ^ <    ðŸ‘
:localhost 372 anon_the_lucky_83 :-     Cat butt initialized.
:localhost 376 anon_the_lucky_83 :End of /MOTD
] and the fd = 20
[12:36:12][DEBUG::] Full message sent for FD 20. Moving to next message.
[12:36:17][DEBUG::]  SERVER:: Message queued for FD 18 (pleb1)
[12:36:17][DEBUG::] checking the message from que before send [:pleb1!anon@localhost JOIN #bbq
:localhost 332 pleb1 #bbq :Welcome to #bbq!
:localhost 353 pleb1 = #bbq :pleb1!pleb1@localhost 
:localhost 366 pleb1 #bbq :End of /NAMES list
] and the fd = 18
[12:36:17][DEBUG::] Full message sent for FD 18. Moving to next message.
[12:36:20][DEBUG::]  SERVER:: Message queued for FD 18 (pleb1)
[12:36:20][DEBUG::] checking the message from que before send [:localhost 324 pleb1 #bbq +t
] and the fd = 18
[12:36:20][DEBUG::] Full message sent for FD 18. Moving to next message.
[12:36:22][DEBUG::]  SERVER:: Message queued for FD 20 (oOo)
[12:36:22][DEBUG::] checking the message from que before send [:anon_the_lucky_83!anon@localhost NICK oOo
] and the fd = 20
[12:36:22][DEBUG::] Full message sent for FD 20. Moving to next message.
[12:36:25][DEBUG::]  SERVER:: Message queued for FD 20 (oOo)
[12:36:25][DEBUG::] checking the message from que before send [PONG :localhost
] and the fd = 20
[12:36:25][DEBUG::] Full message sent for FD 20. Moving to next message.
[12:36:30][DEBUG::]  SERVER:: Message queued for FD 18 (pleb1)
[12:36:30][DEBUG::] checking the message from que before send [:pleb1!anon@localhost MODE #bbq +i  
] and the fd = 18
[12:36:30][DEBUG::] Full message sent for FD 18. Moving to next message.
[12:36:38][NOTICE::] handleInviteCommand :entered for pleb1
[12:36:38][DEBUG::] getClientByNickname: Looking up FD for nickname: ooo (case-sensitive) in _nickname_to_fd map
[12:36:38][DEBUG::] validateIsClientInChannel checking nickname = pleb1
[12:36:38][DEBUG::]  SERVER:: Message queued for FD 18 (pleb1)
[12:36:38][DEBUG::]  SERVER:: Message queued for FD 20 (oOo)
[12:36:38][DEBUG::] checking the message from que before send [:localhost 341 pleb1 ooo :#bbq
] and the fd = 18
[12:36:38][DEBUG::] Full message sent for FD 18. Moving to next message.
[12:36:38][DEBUG::] checking the message from que before send [:pleb1!anon@localhost INVITE ooo :#bbq
] and the fd = 20
[12:36:38][DEBUG::] Full message sent for FD 20. Moving to next message.
[12:36:43][DEBUG::]  SERVER:: Message queued for FD 20 (oOo)
[12:36:43][DEBUG::]  SERVER:: Message queued for FD 18 (pleb1)
[12:36:43][DEBUG::] checking the message from que before send [:oOo!anon@localhost JOIN #bbq
:localhost 332 oOo #bbq :Welcome to #bbq!
:localhost 353 oOo = #bbq :pleb1!pleb1@localhost oOo!oOo@localhost 
:localhost 366 oOo #bbq :End of /NAMES list
] and the fd = 20
[12:36:43][DEBUG::] Full message sent for FD 20. Moving to next message.
[12:36:43][DEBUG::] checking the message from que before send [:oOo!anon@localhost JOIN #bbq
] and the fd = 18
[12:36:43][DEBUG::] Full message sent for FD 18. Moving to next message.
[12:36:45][DEBUG::]  SERVER:: Message queued for FD 20 (oOo)
[12:36:45][DEBUG::] checking the message from que before send [:localhost 442 #bbq oOo :not on that channel
] and the fd = 20
[12:36:45][DEBUG::] Full message sent for FD 20. Moving to next message.
[12:36:48][DEBUG::]  SERVER:: Message queued for FD 18 (pleb1)
[12:36:48][DEBUG::]  SERVER:: Message queued for FD 20 (oOo)
[12:36:48][DEBUG::] handleQuit:: Client pleb1 marked for disconnection, epollout will trigger removal
[12:36:48][DEBUG::] checking the message from que before send [:pleb1!anon@localhost QUIT :Client disconnected
] and the fd = 18
[12:36:48][DEBUG::] Full message sent for FD 18. Moving to next message.
[12:36:48][DEBUG::] promoteFallbackoperator operator count = 0 clientmode size = 2
[12:36:48][DEBUG::]  SERVER:: Message queued for FD 20 (oOo)
[12:36:48][NOTICE::] Notifying and removing client pleb1 from channel #bbq due to disconnect.

[12:36:48][NOTICE::] removeClientByNickname: pleb1 Removed from channel #bbq
[12:36:48][DEBUG::] Server::Removeclient, client pleb1 being removed from nickname to fd map
[12:36:48][DEBUG::] Server::remove_Client - Client has been completely removed. Total clients: 1
[12:36:48][DEBUG::] checking the message from que before send [:pleb1!anon@localhost QUIT :Client disconnected
] and the fd = 20
[12:36:48][DEBUG::] Full message sent for FD 20. Moving to next message.
[12:36:48][DEBUG::] checking the message from que before send [:pleb1!anon@localhost MODE #bbq +o oOo
] and the fd = 20
[12:36:48][DEBUG::] Full message sent for FD 20. Moving to next message.
[12:36:51][DEBUG::]  SERVER:: Message queued for FD 20 (oOo)
[12:36:51][DEBUG::] handleQuit:: Client oOo marked for disconnection, epollout will trigger removal
[12:36:51][DEBUG::] checking the message from que before send [:oOo!anon@localhost QUIT :Client disconnected
] and the fd = 20
[12:36:51][DEBUG::] Full message sent for FD 20. Moving to next message.
[12:36:51][DEBUG::] promoteFallbackoperator operator count = 0 clientmode size = 1
[12:36:51][DEBUG::] promoteFallbackoperator-------- returned NONE :: client size
[12:36:51][NOTICE::] Notifying and removing client oOo from channel #bbq due to disconnect.

[12:36:51][ERROR::] removeClientByNickname: Could not find client oOo to remove from #bbq
[12:36:51][DEBUG::] Server::Removeclient, client ooo being removed from nickname to fd map
[12:36:51][DEBUG::] Server::remove_Client - Client has been completely removed. Total clients: 0
